{
  "RSpec": {
    "coverage": {
      "/Users/makinwa37/rubyrails/hacista/spec/controllers/sessions_controller_spec.rb": [
        1,
        null,
        1,
        1,
        5,
        null,
        1,
        1,
        1,
        null,
        null,
        2,
        null,
        1,
        1,
        1,
        null,
        null,
        1,
        1,
        null,
        null,
        1,
        1,
        null,
        null,
        null,
        1,
        1,
        1,
        null,
        null,
        1,
        null,
        1,
        1,
        1,
        null,
        null,
        1,
        1,
        null,
        null,
        null,
        null
      ],
      "/Users/makinwa37/rubyrails/hacista/spec/rails_helper.rb": [
        null,
        1,
        1,
        null,
        1,
        0,
        null,
        null,
        1,
        1,
        1,
        1,
        null,
        null,
        null,
        1,
        null,
        1,
        null,
        1,
        null,
        null,
        null,
        null,
        1,
        null,
        null,
        1,
        null,
        null,
        1,
        null,
        null,
        1,
        1,
        null,
        1,
        null,
        1,
        1,
        1,
        null,
        null
      ],
      "/Users/makinwa37/rubyrails/hacista/config/environment.rb": [
        null,
        1,
        null,
        null,
        1
      ],
      "/Users/makinwa37/rubyrails/hacista/config/application.rb": [
        1,
        null,
        1,
        null,
        null,
        null,
        1,
        null,
        1,
        1,
        null,
        1,
        null,
        null,
        null,
        null,
        1,
        null,
        null,
        null,
        null,
        null,
        null,
        null,
        null,
        null,
        null,
        1,
        null,
        null
      ],
      "/Users/makinwa37/rubyrails/hacista/config/boot.rb": [
        1,
        null,
        1
      ],
      "/Users/makinwa37/rubyrails/hacista/config/environments/test.rb": [
        1,
        null,
        null,
        null,
        null,
        null,
        null,
        1,
        null,
        null,
        null,
        null,
        1,
        null,
        null,
        1,
        1,
        null,
        null,
        1,
        1,
        null,
        null,
        1,
        null,
        null,
        1,
        null,
        null,
        null,
        null,
        1,
        null,
        null,
        1,
        null,
        null,
        1,
        null,
        null,
        null,
        null
      ],
      "/Users/makinwa37/rubyrails/hacista/config/initializers/assets.rb": [
        null,
        null,
        null,
        1,
        null,
        null,
        null,
        null,
        null,
        null,
        null
      ],
      "/Users/makinwa37/rubyrails/hacista/config/initializers/backtrace_silencers.rb": [
        null,
        null,
        null,
        null,
        null,
        null,
        null
      ],
      "/Users/makinwa37/rubyrails/hacista/config/initializers/cookies_serializer.rb": [
        null,
        null,
        1
      ],
      "/Users/makinwa37/rubyrails/hacista/config/initializers/filter_parameter_logging.rb": [
        null,
        null,
        null,
        1
      ],
      "/Users/makinwa37/rubyrails/hacista/config/initializers/inflections.rb": [
        null,
        null,
        null,
        null,
        null,
        null,
        null,
        null,
        null,
        null,
        null,
        null,
        null,
        null,
        null,
        null
      ],
      "/Users/makinwa37/rubyrails/hacista/config/initializers/mime_types.rb": [
        null,
        null,
        null,
        null
      ],
      "/Users/makinwa37/rubyrails/hacista/config/initializers/session_store.rb": [
        null,
        null,
        1
      ],
      "/Users/makinwa37/rubyrails/hacista/config/initializers/wrap_parameters.rb": [
        null,
        null,
        null,
        null,
        null,
        null,
        1,
        1,
        null,
        null,
        null,
        null,
        null,
        null
      ],
      "/Users/makinwa37/rubyrails/hacista/spec/factories/users.rb": [
        1,
        1,
        1,
        1,
        1,
        1,
        null,
        1,
        1,
        1,
        1,
        1,
        null,
        null,
        1,
        1,
        1,
        null,
        null,
        1,
        1,
        1,
        null,
        null,
        null
      ],
      "/Users/makinwa37/rubyrails/hacista/config/routes.rb": [
        1,
        null,
        1,
        null,
        1,
        1,
        1,
        null,
        null,
        1,
        null,
        null,
        null,
        null,
        null,
        null,
        null,
        null,
        null,
        null,
        null,
        null,
        null,
        null,
        null,
        null,
        null,
        null,
        null,
        null,
        null,
        null,
        null,
        null,
        null,
        null,
        null,
        null,
        null,
        null,
        null,
        null,
        null,
        null,
        null,
        null,
        null,
        null,
        null,
        null,
        null,
        null,
        null,
        null,
        null,
        null,
        null,
        null,
        null,
        null,
        null,
        null,
        null,
        null,
        null
      ],
      "/Users/makinwa37/rubyrails/hacista/app/helpers/application_helper.rb": [
        1,
        null
      ],
      "/Users/makinwa37/rubyrails/hacista/app/helpers/main_helper.rb": [
        1,
        null
      ],
      "/Users/makinwa37/rubyrails/hacista/app/helpers/sessions_helper.rb": [
        1,
        null
      ],
      "/Users/makinwa37/rubyrails/hacista/app/helpers/users_helper.rb": [
        1,
        null
      ],
      "/Users/makinwa37/rubyrails/hacista/app/controllers/sessions_controller.rb": [
        1,
        1,
        2,
        null,
        2,
        2,
        2,
        null,
        1,
        2,
        null,
        null,
        null,
        null
      ],
      "/Users/makinwa37/rubyrails/hacista/app/controllers/application_controller.rb": [
        1,
        null,
        null,
        1,
        null
      ],
      "/Users/makinwa37/rubyrails/hacista/spec/controllers/users_controller_spec.rb": [
        1,
        null,
        1,
        1,
        1,
        2,
        null,
        1,
        1,
        null,
        null,
        1,
        1,
        null,
        1,
        1,
        null,
        null,
        1,
        1,
        null,
        null,
        null,
        1,
        1,
        1,
        null,
        null,
        2,
        null,
        1,
        1,
        null,
        1,
        1,
        1,
        1,
        null,
        null,
        1,
        1,
        null,
        null,
        null,
        null
      ],
      "/Users/makinwa37/rubyrails/hacista/app/controllers/users_controller.rb": [
        1,
        1,
        2,
        null,
        2,
        2,
        2,
        null,
        2,
        null,
        null,
        null,
        null,
        1,
        null,
        1,
        2,
        null,
        null
      ],
      "/Users/makinwa37/rubyrails/hacista/spec/helpers/sessions_helper_spec.rb": [
        1,
        null,
        null,
        null,
        null,
        null,
        null,
        null,
        null,
        null,
        null,
        null,
        1,
        null
      ],
      "/Users/makinwa37/rubyrails/hacista/spec/helpers/users_helper_spec.rb": [
        1,
        null,
        null,
        null,
        null,
        null,
        null,
        null,
        null,
        null,
        null,
        null,
        1,
        null,
        null
      ],
      "/Users/makinwa37/rubyrails/hacista/spec/models/user_spec.rb": [
        1,
        null,
        1,
        2,
        2,
        2,
        2,
        2,
        2,
        2,
        2,
        null
      ],
      "/Users/makinwa37/rubyrails/hacista/app/models/user.rb": [
        1,
        1,
        null,
        1,
        null,
        1,
        1,
        1,
        null,
        1,
        null
      ],
      "/Users/makinwa37/rubyrails/hacista/lib/obfuscate.rb": [
        1,
        1,
        null,
        1,
        1,
        2,
        null,
        null,
        1,
        2,
        null,
        null,
        1,
        2,
        null,
        null,
        1,
        0,
        0,
        0,
        null,
        null,
        1,
        2,
        2,
        2,
        null,
        null
      ],
      "/Users/makinwa37/rubyrails/hacista/spec/views/users/create.html.erb_spec.rb": [
        1,
        null,
        1,
        null,
        null
      ],
      "/Users/makinwa37/rubyrails/hacista/app/serializers/user_serializer.rb": [
        1,
        1,
        null,
        1,
        null,
        1,
        2,
        null,
        null
      ]
    },
    "timestamp": 1469044153
  }
}
